✓ Initialized. View run at 
https://modal.com/apps/ayaanjamil/main/ap-Z1JeNn9GB57yoOFZqyKiOY
✓ Created objects.
├── 🔨 Created mount /Users/ayaan/Projects/taxxa/modal_embed.py
├── 🔨 Created function upload_nodes.
├── 🔨 Created function embed_shard.
├── 🔨 Created function merge_shards.
└── 🔨 Created function download_artifacts.
[local] uploading nodes.json (531.7 MB)...
[upload] wrote /data/nodes.json (531.7 MB)
[local] launching 4 parallel embed shards on A10G...
[s0/4] boot torch=2.4.1+cu121 cuda=True device=NVIDIA A10
[s1/4] boot torch=2.4.1+cu121 cuda=True device=NVIDIA A10
[s2/4] boot torch=2.4.1+cu121 cuda=True device=NVIDIA A10
[s3/4] boot torch=2.4.1+cu121 cuda=True device=NVIDIA A10
[s1/4] owns nodes[94050:188100] = 94050 chunks of 376200
[s1/4] loading BAAI/bge-m3...
[s2/4] owns nodes[188100:282150] = 94050 chunks of 376200
[s2/4] loading BAAI/bge-m3...
[s1/4] model loaded in 4.6s, dim=1024
[s1/4] 94050 chunks, batch=192, 490 batches, max_len=384
[s2/4] model loaded in 4.2s, dim=1024
[s2/4] 94050 chunks, batch=192, 490 batches, max_len=384
[s2/4] [   1/490]    192/94050 (  0.2%) |   53.4/s | elapsed   0.1m | eta  29.3m
[s1/4] [   1/490]    192/94050 (  0.2%) |   46.4/s | elapsed   0.1m | eta  33.7m
[s0/4] owns nodes[0:94050] = 94050 chunks of 376200[s3/4] owns nodes[282150:376200] = 94050 chunks of 376200
[s3/4] loading BAAI/bge-m3...

[s0/4] loading BAAI/bge-m3...
[s3/4] model loaded in 5.2s, dim=1024
[s0/4] model loaded in 5.3s, dim=1024
[s3/4] 94050 chunks, batch=192, 490 batches, max_len=384
[s0/4] 94050 chunks, batch=192, 490 batches, max_len=384
[s0/4] [   1/490]    192/94050 (  0.2%) |   56.4/s | elapsed   0.1m | eta  27.7m
[s3/4] [   1/490]    192/94050 (  0.2%) |   49.2/s | elapsed   0.1m | eta  31.8m
[s2/4] [  12/490]   2304/94050 (  2.4%) |   65.9/s | elapsed   0.6m | eta  23.2m
[s1/4] [  10/490]   1920/94050 (  2.0%) |   53.8/s | elapsed   0.6m | eta  28.5m
[s2/4] [  13/490]   2496/94050 (  2.7%) |   65.6/s | elapsed   0.6m | eta  23.3m
[s1/4] [  13/490]   2496/94050 (  2.7%) |   54.6/s | elapsed   0.8m | eta  27.9m
[s3/4] [  10/490]   1920/94050 (  2.0%) |   56.3/s | elapsed   0.6m | eta  27.3m
[s0/4] [  12/490]   2304/94050 (  2.4%) |   64.4/s | elapsed   0.6m | eta  23.7m
[s0/4] [  13/490]   2496/94050 (  2.7%) |   64.7/s | elapsed   0.6m | eta  23.6m
[s3/4] [  13/490]   2496/94050 (  2.7%) |   56.9/s | elapsed   0.7m | eta  26.8m
[s2/4] [  24/490]   4608/94050 (  4.9%) |   67.0/s | elapsed   1.1m | eta  22.3m
[s2/4] [  25/490]   4800/94050 (  5.1%) |   66.7/s | elapsed   1.2m | eta  22.3m
[s1/4] [  23/490]   4416/94050 (  4.7%) |   57.4/s | elapsed   1.3m | eta  26.0m
[s0/4] [  23/490]   4416/94050 (  4.7%) |   64.1/s | elapsed   1.1m | eta  23.3m
[s1/4] [  25/490]   4800/94050 (  5.1%) |   57.2/s | elapsed   1.4m | eta  26.0m
[s0/4] [  25/490]   4800/94050 (  5.1%) |   63.6/s | elapsed   1.3m | eta  23.4m
[s3/4] [  23/490]   4416/94050 (  4.7%) |   57.5/s | elapsed   1.3m | eta  26.0m
[s3/4] [  25/490]   4800/94050 (  5.1%) |   57.5/s | elapsed   1.4m | eta  25.8m
[s2/4] [  36/490]   6912/94050 (  7.3%) |   67.3/s | elapsed   1.7m | eta  21.6m
[s2/4] [  37/490]   7104/94050 (  7.6%) |   67.1/s | elapsed   1.8m | eta  21.6m
[s1/4] [  35/490]   6720/94050 (  7.1%) |   58.1/s | elapsed   1.9m | eta  25.1m
[s0/4] [  35/490]   6720/94050 (  7.1%) |   63.6/s | elapsed   1.8m | eta  22.9m
[s1/4] [  37/490]   7104/94050 (  7.6%) |   58.3/s | elapsed   2.0m | eta  24.9m
[s0/4] [  37/490]   7104/94050 (  7.6%) |   63.5/s | elapsed   1.9m | eta  22.8m
[s3/4] [  34/490]   6528/94050 (  6.9%) |   57.4/s | elapsed   1.9m | eta  25.4m
[s2/4] [  48/490]   9216/94050 (  9.8%) |   67.3/s | elapsed   2.3m | eta  21.0m
[s3/4] [  37/490]   7104/94050 (  7.6%) |   56.3/s | elapsed   2.1m | eta  25.7m
[s2/4] [  49/490]   9408/94050 ( 10.0%) |   67.3/s | elapsed   2.3m | eta  21.0m
[s1/4] [  48/490]   9216/94050 (  9.8%) |   59.8/s | elapsed   2.6m | eta  23.6m
[s1/4] [  49/490]   9408/94050 ( 10.0%) |   59.8/s | elapsed   2.6m | eta  23.6m
[s0/4] [  48/490]   9216/94050 (  9.8%) |   63.6/s | elapsed   2.4m | eta  22.2m
[s0/4] [  49/490]   9408/94050 ( 10.0%) |   63.7/s | elapsed   2.5m | eta  22.1m
[s3/4] [  46/490]   8832/94050 (  9.4%) |   56.0/s | elapsed   2.6m | eta  25.3m
[s2/4] [  60/490]  11520/94050 ( 12.2%) |   66.9/s | elapsed   2.9m | eta  20.6m
[s2/4] [  61/490]  11712/94050 ( 12.5%) |   66.9/s | elapsed   2.9m | eta  20.5m
[s3/4] [  49/490]   9408/94050 ( 10.0%) |   55.9/s | elapsed   2.8m | eta  25.2m
[s1/4] [  60/490]  11520/94050 ( 12.2%) |   60.6/s | elapsed   3.2m | eta  22.7m
[s0/4] [  59/490]  11328/94050 ( 12.0%) |   63.7/s | elapsed   3.0m | eta  21.6m
[s1/4] [  61/490]  11712/94050 ( 12.5%) |   60.3/s | elapsed   3.2m | eta  22.8m
[s0/4] [  61/490]  11712/94050 ( 12.5%) |   63.6/s | elapsed   3.1m | eta  21.6m
[s2/4] [  71/490]  13632/94050 ( 14.5%) |   66.2/s | elapsed   3.4m | eta  20.3m
[s2/4] [  73/490]  14016/94050 ( 14.9%) |   66.1/s | elapsed   3.5m | eta  20.2m
[s3/4] [  58/490]  11136/94050 ( 11.8%) |   55.8/s | elapsed   3.3m | eta  24.8m
[s3/4] [  61/490]  11712/94050 ( 12.5%) |   55.9/s | elapsed   3.5m | eta  24.5m
[s1/4] [  70/490]  13440/94050 ( 14.3%) |   59.7/s | elapsed   3.8m | eta  22.5m
[s0/4] [  71/490]  13632/94050 ( 14.5%) |   63.4/s | elapsed   3.6m | eta  21.2m
[s0/4] [  73/490]  14016/94050 ( 14.9%) |   63.4/s | elapsed   3.7m | eta  21.0m
[s1/4] [  73/490]  14016/94050 ( 14.9%) |   59.4/s | elapsed   3.9m | eta  22.5m
[s2/4] [  84/490]  16128/94050 ( 17.1%) |   65.8/s | elapsed   4.1m | eta  19.7m
[s2/4] [  85/490]  16320/94050 ( 17.4%) |   65.8/s | elapsed   4.1m | eta  19.7m
[s3/4] [  70/490]  13440/94050 ( 14.3%) |   55.9/s | elapsed   4.0m | eta  24.0m
[s3/4] [  73/490]  14016/94050 ( 14.9%) |   55.9/s | elapsed   4.2m | eta  23.9m
[s0/4] [  83/490]  15936/94050 ( 16.9%) |   63.4/s | elapsed   4.2m | eta  20.5m
[s1/4] [  82/490]  15744/94050 ( 16.7%) |   59.0/s | elapsed   4.4m | eta  22.1m
[s0/4] [  85/490]  16320/94050 ( 17.4%) |   63.3/s | elapsed   4.3m | eta  20.5m
[s1/4] [  85/490]  16320/94050 ( 17.4%) |   59.1/s | elapsed   4.6m | eta  21.9m
[s2/4] [  96/490]  18432/94050 ( 19.6%) |   65.7/s | elapsed   4.7m | eta  19.2m
[s2/4] [  97/490]  18624/94050 ( 19.8%) |   65.7/s | elapsed   4.7m | eta  19.1m
[s3/4] [  82/490]  15744/94050 ( 16.7%) |   55.8/s | elapsed   4.7m | eta  23.4m
[s0/4] [  95/490]  18240/94050 ( 19.4%) |   63.0/s | elapsed   4.8m | eta  20.0m
[s3/4] [  85/490]  16320/94050 ( 17.4%) |   55.5/s | elapsed   4.9m | eta  23.3m
[s0/4] [  97/490]  18624/94050 ( 19.8%) |   63.1/s | elapsed   4.9m | eta  19.9m
[s1/4] [  95/490]  18240/94050 ( 19.4%) |   59.0/s | elapsed   5.2m | eta  21.4m
[s1/4] [  97/490]  18624/94050 ( 19.8%) |   59.0/s | elapsed   5.3m | eta  21.3m[s2/4] [ 108/490]  20736/94050 ( 22.0%) |   65.7/s | elapsed   5.3m | eta  18.6m

[s2/4] [ 109/490]  20928/94050 ( 22.3%) |   65.7/s | elapsed   5.3m | eta  18.5m
[s3/4] [  94/490]  18048/94050 ( 19.2%) |   55.5/s | elapsed   5.4m | eta  22.8m
[s0/4] [ 107/490]  20544/94050 ( 21.8%) |   63.1/s | elapsed   5.4m | eta  19.4m
[s0/4] [ 109/490]  20928/94050 ( 22.3%) |   63.1/s | elapsed   5.5m | eta  19.3m
[s1/4] [ 106/490]  20352/94050 ( 21.6%) |   58.6/s | elapsed   5.8m | eta  20.9m
[s3/4] [  97/490]  18624/94050 ( 19.8%) |   55.6/s | elapsed   5.6m | eta  22.6m
[s2/4] [ 120/490]  23040/94050 ( 24.5%) |   65.7/s | elapsed   5.8m | eta  18.0m
[s2/4] [ 121/490]  23232/94050 ( 24.7%) |   65.8/s | elapsed   5.9m | eta  17.9m
[s1/4] [ 109/490]  20928/94050 ( 22.3%) |   58.5/s | elapsed   6.0m | eta  20.8m
[s0/4] [ 119/490]  22848/94050 ( 24.3%) |   62.9/s | elapsed   6.1m | eta  18.9m
[s3/4] [ 107/490]  20544/94050 ( 21.8%) |   55.8/s | elapsed   6.1m | eta  21.9m
[s0/4] [ 121/490]  23232/94050 ( 24.7%) |   62.6/s | elapsed   6.2m | eta  18.9m
[s2/4] [ 132/490]  25344/94050 ( 26.9%) |   65.7/s | elapsed   6.4m | eta  17.4m
[s3/4] [ 109/490]  20928/94050 ( 22.3%) |   55.8/s | elapsed   6.2m | eta  21.8m
[s2/4] [ 133/490]  25536/94050 ( 27.2%) |   65.7/s | elapsed   6.5m | eta  17.4m
[s1/4] [ 118/490]  22656/94050 ( 24.1%) |   58.3/s | elapsed   6.5m | eta  20.4m
[s1/4] [ 121/490]  23232/94050 ( 24.7%) |   58.4/s | elapsed   6.6m | eta  20.2m
[s0/4] [ 131/490]  25152/94050 ( 26.7%) |   62.6/s | elapsed   6.7m | eta  18.3m
[s2/4] [ 144/490]  27648/94050 ( 29.4%) |   65.8/s | elapsed   7.0m | eta  16.8m
[s3/4] [ 118/490]  22656/94050 ( 24.1%) |   55.7/s | elapsed   6.8m | eta  21.4m
[s0/4] [ 133/490]  25536/94050 ( 27.2%) |   62.6/s | elapsed   6.8m | eta  18.3m
[s2/4] [ 145/490]  27840/94050 ( 29.6%) |   65.7/s | elapsed   7.1m | eta  16.8m
[s3/4] [ 121/490]  23232/94050 ( 24.7%) |   55.7/s | elapsed   6.9m | eta  21.2m
[s1/4] [ 131/490]  25152/94050 ( 26.7%) |   58.3/s | elapsed   7.2m | eta  19.7m
[s1/4] [ 133/490]  25536/94050 ( 27.2%) |   58.2/s | elapsed   7.3m | eta  19.6m
[s0/4] [ 143/490]  27456/94050 ( 29.2%) |   62.3/s | elapsed   7.3m | eta  17.8m
[s2/4] [ 156/490]  29952/94050 ( 31.8%) |   65.8/s | elapsed   7.6m | eta  16.2m
[s2/4] [ 157/490]  30144/94050 ( 32.1%) |   65.8/s | elapsed   7.6m | eta  16.2m
[s0/4] [ 145/490]  27840/94050 ( 29.6%) |   62.3/s | elapsed   7.4m | eta  17.7m
[s3/4] [ 130/490]  24960/94050 ( 26.5%) |   55.7/s | elapsed   7.5m | eta  20.7m
[s1/4] [ 143/490]  27456/94050 ( 29.2%) |   58.2/s | elapsed   7.9m | eta  19.1m
[s3/4] [ 133/490]  25536/94050 ( 27.2%) |   55.6/s | elapsed   7.7m | eta  20.5m
[s1/4] [ 145/490]  27840/94050 ( 29.6%) |   58.2/s | elapsed   8.0m | eta  18.9m
[s2/4] [ 168/490]  32256/94050 ( 34.3%) |   65.8/s | elapsed   8.2m | eta  15.6m
[s0/4] [ 154/490]  29568/94050 ( 31.4%) |   61.9/s | elapsed   8.0m | eta  17.4m
[s2/4] [ 169/490]  32448/94050 ( 34.5%) |   65.8/s | elapsed   8.2m | eta  15.6m
[s0/4] [ 157/490]  30144/94050 ( 32.1%) |   61.9/s | elapsed   8.1m | eta  17.2m
[s3/4] [ 142/490]  27264/94050 ( 29.0%) |   55.7/s | elapsed   8.2m | eta  20.0m
[s1/4] [ 155/490]  29760/94050 ( 31.6%) |   58.3/s | elapsed   8.5m | eta  18.4m
[s3/4] [ 145/490]  27840/94050 ( 29.6%) |   55.8/s | elapsed   8.3m | eta  19.8m
[s1/4] [ 157/490]  30144/94050 ( 32.1%) |   58.3/s | elapsed   8.6m | eta  18.3m
[s2/4] [ 179/490]  34368/94050 ( 36.5%) |   65.5/s | elapsed   8.7m | eta  15.2m
[s2/4] [ 181/490]  34752/94050 ( 37.0%) |   65.4/s | elapsed   8.9m | eta  15.1m
[s0/4] [ 168/490]  32256/94050 ( 34.3%) |   62.1/s | elapsed   8.7m | eta  16.6m
[s0/4] [ 169/490]  32448/94050 ( 34.5%) |   62.0/s | elapsed   8.7m | eta  16.6m
[s3/4] [ 154/490]  29568/94050 ( 31.4%) |   55.8/s | elapsed   8.8m | eta  19.3m
[s1/4] [ 166/490]  31872/94050 ( 33.9%) |   58.2/s | elapsed   9.1m | eta  17.8m
[s3/4] [ 157/490]  30144/94050 ( 32.1%) |   55.9/s | elapsed   9.0m | eta  19.1m
[s1/4] [ 169/490]  32448/94050 ( 34.5%) |   58.2/s | elapsed   9.3m | eta  17.7m
[s2/4] [ 190/490]  36480/94050 ( 38.8%) |   64.8/s | elapsed   9.4m | eta  14.8m
[s0/4] [ 180/490]  34560/94050 ( 36.7%) |   62.2/s | elapsed   9.3m | eta  16.0m
[s0/4] [ 181/490]  34752/94050 ( 37.0%) |   62.1/s | elapsed   9.3m | eta  15.9m
[s2/4] [ 193/490]  37056/94050 ( 39.4%) |   64.6/s | elapsed   9.6m | eta  14.7m
[s3/4] [ 167/490]  32064/94050 ( 34.1%) |   56.2/s | elapsed   9.5m | eta  18.4m
[s3/4] [ 169/490]  32448/94050 ( 34.5%) |   56.3/s | elapsed   9.6m | eta  18.2m[s1/4] [ 179/490]  34368/94050 ( 36.5%) |   58.2/s | elapsed   9.8m | eta  17.1m

[s1/4] [ 181/490]  34752/94050 ( 37.0%) |   58.3/s | elapsed   9.9m | eta  17.0m
[s0/4] [ 190/490]  36480/94050 ( 38.8%) |   61.9/s | elapsed   9.8m | eta  15.5m
[s2/4] [ 202/490]  38784/94050 ( 41.2%) |   64.0/s | elapsed  10.1m | eta  14.4m
[s0/4] [ 193/490]  37056/94050 ( 39.4%) |   61.8/s | elapsed  10.0m | eta  15.4m
[s2/4] [ 205/490]  39360/94050 ( 41.9%) |   63.9/s | elapsed  10.3m | eta  14.3m
[s3/4] [ 180/490]  34560/94050 ( 36.7%) |   56.7/s | elapsed  10.1m | eta  17.5m
[s3/4] [ 181/490]  34752/94050 ( 37.0%) |   56.8/s | elapsed  10.2m | eta  17.4m
[s1/4] [ 191/490]  36672/94050 ( 39.0%) |   58.3/s | elapsed  10.5m | eta  16.4m
[s1/4] [ 193/490]  37056/94050 ( 39.4%) |   58.3/s | elapsed  10.6m | eta  16.3m
[s0/4] [ 204/490]  39168/94050 ( 41.6%) |   61.9/s | elapsed  10.5m | eta  14.8m
[s2/4] [ 214/490]  41088/94050 ( 43.7%) |   63.6/s | elapsed  10.8m | eta  13.9m
[s0/4] [ 205/490]  39360/94050 ( 41.9%) |   61.9/s | elapsed  10.6m | eta  14.7m
[s2/4] [ 217/490]  41664/94050 ( 44.3%) |   63.4/s | elapsed  10.9m | eta  13.8m
[s3/4] [ 192/490]  36864/94050 ( 39.2%) |   57.2/s | elapsed  10.7m | eta  16.6m
[s3/4] [ 193/490]  37056/94050 ( 39.4%) |   57.3/s | elapsed  10.8m | eta  16.6m
[s1/4] [ 204/490]  39168/94050 ( 41.6%) |   58.6/s | elapsed  11.1m | eta  15.6m
[s1/4] [ 205/490]  39360/94050 ( 41.9%) |   58.7/s | elapsed  11.2m | eta  15.5m
[s0/4] [ 215/490]  41280/94050 ( 43.9%) |   62.0/s | elapsed  11.1m | eta  14.2m
[s0/4] [ 217/490]  41664/94050 ( 44.3%) |   62.0/s | elapsed  11.2m | eta  14.1m
[s2/4] [ 226/490]  43392/94050 ( 46.1%) |   63.2/s | elapsed  11.4m | eta  13.4m
[s3/4] [ 204/490]  39168/94050 ( 41.6%) |   57.7/s | elapsed  11.3m | eta  15.8m
[s3/4] [ 205/490]  39360/94050 ( 41.9%) |   57.7/s | elapsed  11.4m | eta  15.8m
[s2/4] [ 229/490]  43968/94050 ( 46.7%) |   63.0/s | elapsed  11.6m | eta  13.2m
[s1/4] [ 216/490]  41472/94050 ( 44.1%) |   59.0/s | elapsed  11.7m | eta  14.9m
[s1/4] [ 217/490]  41664/94050 ( 44.3%) |   59.0/s | elapsed  11.8m | eta  14.8m
[s0/4] [ 226/490]  43392/94050 ( 46.1%) |   61.7/s | elapsed  11.7m | eta  13.7m
[s0/4] [ 229/490]  43968/94050 ( 46.7%) |   61.6/s | elapsed  11.9m | eta  13.6m
[s3/4] [ 216/490]  41472/94050 ( 44.1%) |   58.0/s | elapsed  11.9m | eta  15.1m
[s2/4] [ 237/490]  45504/94050 ( 48.4%) |   62.5/s | elapsed  12.1m | eta  12.9m
[s3/4] [ 217/490]  41664/94050 ( 44.3%) |   58.1/s | elapsed  12.0m | eta  15.0m
[s1/4] [ 227/490]  43584/94050 ( 46.3%) |   59.2/s | elapsed  12.3m | eta  14.2m
[s1/4] [ 229/490]  43968/94050 ( 46.7%) |   59.3/s | elapsed  12.4m | eta  14.1m[s2/4] [ 241/490]  46272/94050 ( 49.2%) |   62.4/s | elapsed  12.4m | eta  12.8m

[s0/4] [ 239/490]  45888/94050 ( 48.8%) |   61.5/s | elapsed  12.4m | eta  13.0m
[s3/4] [ 228/490]  43776/94050 ( 46.5%) |   58.4/s | elapsed  12.5m | eta  14.3m
[s0/4] [ 241/490]  46272/94050 ( 49.2%) |   61.5/s | elapsed  12.5m | eta  13.0m
[s3/4] [ 229/490]  43968/94050 ( 46.7%) |   58.4/s | elapsed  12.6m | eta  14.3m
[s1/4] [ 240/490]  46080/94050 ( 49.0%) |   59.6/s | elapsed  12.9m | eta  13.4m
[s2/4] [ 251/490]  48192/94050 ( 51.2%) |   62.2/s | elapsed  12.9m | eta  12.3m
[s1/4] [ 241/490]  46272/94050 ( 49.2%) |   59.6/s | elapsed  12.9m | eta  13.4m
[s2/4] [ 253/490]  48576/94050 ( 51.6%) |   62.2/s | elapsed  13.0m | eta  12.2m
[s3/4] [ 239/490]  45888/94050 ( 48.8%) |   58.5/s | elapsed  13.1m | eta  13.7m
[s0/4] [ 251/490]  48192/94050 ( 51.2%) |   61.4/s | elapsed  13.1m | eta  12.5m
[s3/4] [ 241/490]  46272/94050 ( 49.2%) |   58.5/s | elapsed  13.2m | eta  13.6m
[s0/4] [ 253/490]  48576/94050 ( 51.6%) |   61.3/s | elapsed  13.2m | eta  12.4m
[s1/4] [ 252/490]  48384/94050 ( 51.4%) |   59.9/s | elapsed  13.5m | eta  12.7m
[s1/4] [ 253/490]  48576/94050 ( 51.6%) |   59.9/s | elapsed  13.5m | eta  12.6m
[s2/4] [ 262/490]  50304/94050 ( 53.5%) |   61.9/s | elapsed  13.5m | eta  11.8m
[s2/4] [ 265/490]  50880/94050 ( 54.1%) |   61.8/s | elapsed  13.7m | eta  11.6m
[s3/4] [ 252/490]  48384/94050 ( 51.4%) |   58.8/s | elapsed  13.7m | eta  13.0m
[s0/4] [ 263/490]  50496/94050 ( 53.7%) |   61.2/s | elapsed  13.7m | eta  11.9m
[s3/4] [ 253/490]  48576/94050 ( 51.6%) |   58.8/s | elapsed  13.8m | eta  12.9m
[s1/4] [ 264/490]  50688/94050 ( 53.9%) |   60.2/s | elapsed  14.0m | eta  12.0m
[s0/4] [ 265/490]  50880/94050 ( 54.1%) |   61.3/s | elapsed  13.8m | eta  11.7m
[s1/4] [ 265/490]  50880/94050 ( 54.1%) |   60.2/s | elapsed  14.1m | eta  11.9m
[s2/4] [ 274/490]  52608/94050 ( 55.9%) |   61.6/s | elapsed  14.2m | eta  11.2m
[s2/4] [ 277/490]  53184/94050 ( 56.5%) |   61.5/s | elapsed  14.4m | eta  11.1m
[s3/4] [ 264/490]  50688/94050 ( 53.9%) |   59.0/s | elapsed  14.3m | eta  12.2m
[s3/4] [ 265/490]  50880/94050 ( 54.1%) |   59.0/s | elapsed  14.4m | eta  12.2m
[s1/4] [ 276/490]  52992/94050 ( 56.3%) |   60.5/s | elapsed  14.6m | eta  11.3m
[s0/4] [ 275/490]  52800/94050 ( 56.1%) |   61.1/s | elapsed  14.4m | eta  11.2m
[s1/4] [ 277/490]  53184/94050 ( 56.5%) |   60.5/s | elapsed  14.7m | eta  11.3m
[s0/4] [ 277/490]  53184/94050 ( 56.5%) |   61.1/s | elapsed  14.5m | eta  11.1m
[s2/4] [ 286/490]  54912/94050 ( 58.4%) |   61.4/s | elapsed  14.9m | eta  10.6m
[s2/4] [ 289/490]  55488/94050 ( 59.0%) |   61.3/s | elapsed  15.1m | eta  10.5m
[s3/4] [ 275/490]  52800/94050 ( 56.1%) |   59.1/s | elapsed  14.9m | eta  11.6m
[s1/4] [ 288/490]  55296/94050 ( 58.8%) |   60.7/s | elapsed  15.2m | eta  10.6m
[s3/4] [ 277/490]  53184/94050 ( 56.5%) |   59.1/s | elapsed  15.0m | eta  11.5m
[s1/4] [ 289/490]  55488/94050 ( 59.0%) |   60.7/s | elapsed  15.2m | eta  10.6m
[s0/4] [ 287/490]  55104/94050 ( 58.6%) |   61.1/s | elapsed  15.0m | eta  10.6m
[s0/4] [ 289/490]  55488/94050 ( 59.0%) |   61.0/s | elapsed  15.2m | eta  10.5m
[s2/4] [ 298/490]  57216/94050 ( 60.8%) |   61.1/s | elapsed  15.6m | eta  10.0m
[s3/4] [ 288/490]  55296/94050 ( 58.8%) |   59.4/s | elapsed  15.5m | eta  10.9m
[s1/4] [ 300/490]  57600/94050 ( 61.2%) |   60.9/s | elapsed  15.8m | eta  10.0m
[s2/4] [ 301/490]  57792/94050 ( 61.4%) |   61.0/s | elapsed  15.8m | eta   9.9m
[s3/4] [ 289/490]  55488/94050 ( 59.0%) |   59.4/s | elapsed  15.6m | eta  10.8m
[s1/4] [ 301/490]  57792/94050 ( 61.4%) |   60.9/s | elapsed  15.8m | eta   9.9m
[s0/4] [ 299/490]  57408/94050 ( 61.0%) |   61.0/s | elapsed  15.7m | eta  10.0m
[s0/4] [ 301/490]  57792/94050 ( 61.4%) |   61.0/s | elapsed  15.8m | eta   9.9m
[s3/4] [ 300/490]  57600/94050 ( 61.2%) |   59.6/s | elapsed  16.1m | eta  10.2m
[s1/4] [ 312/490]  59904/94050 ( 63.7%) |   61.1/s | elapsed  16.3m | eta   9.3m
[s2/4] [ 311/490]  59712/94050 ( 63.5%) |   60.9/s | elapsed  16.3m | eta   9.4m
[s3/4] [ 301/490]  57792/94050 ( 61.4%) |   59.6/s | elapsed  16.2m | eta  10.1m
[s1/4] [ 313/490]  60096/94050 ( 63.9%) |   61.1/s | elapsed  16.4m | eta   9.3m
[s2/4] [ 313/490]  60096/94050 ( 63.9%) |   60.9/s | elapsed  16.5m | eta   9.3m
[s0/4] [ 311/490]  59712/94050 ( 63.5%) |   61.0/s | elapsed  16.3m | eta   9.4m
[s0/4] [ 313/490]  60096/94050 ( 63.9%) |   61.0/s | elapsed  16.4m | eta   9.3m
[s1/4] [ 324/490]  62208/94050 ( 66.1%) |   61.4/s | elapsed  16.9m | eta   8.6m
[s3/4] [ 312/490]  59904/94050 ( 63.7%) |   59.8/s | elapsed  16.7m | eta   9.5m
[s1/4] [ 325/490]  62400/94050 ( 66.3%) |   61.4/s | elapsed  16.9m | eta   8.6m
[s3/4] [ 313/490]  60096/94050 ( 63.9%) |   59.8/s | elapsed  16.7m | eta   9.5m
[s2/4] [ 323/490]  62016/94050 ( 65.9%) |   60.8/s | elapsed  17.0m | eta   8.8m
[s2/4] [ 325/490]  62400/94050 ( 66.3%) |   60.8/s | elapsed  17.1m | eta   8.7m
[s0/4] [ 323/490]  62016/94050 ( 65.9%) |   61.0/s | elapsed  16.9m | eta   8.8m
[s0/4] [ 325/490]  62400/94050 ( 66.3%) |   60.9/s | elapsed  17.1m | eta   8.7m
[s1/4] [ 336/490]  64512/94050 ( 68.6%) |   61.5/s | elapsed  17.5m | eta   8.0m
[s3/4] [ 323/490]  62016/94050 ( 65.9%) |   59.9/s | elapsed  17.3m | eta   8.9m
[s1/4] [ 337/490]  64704/94050 ( 68.8%) |   61.6/s | elapsed  17.5m | eta   7.9m
[s3/4] [ 325/490]  62400/94050 ( 66.3%) |   59.9/s | elapsed  17.4m | eta   8.8m
[s2/4] [ 334/490]  64128/94050 ( 68.2%) |   60.7/s | elapsed  17.6m | eta   8.2m
[s2/4] [ 337/490]  64704/94050 ( 68.8%) |   60.6/s | elapsed  17.8m | eta   8.1m
[s0/4] [ 334/490]  64128/94050 ( 68.2%) |   60.7/s | elapsed  17.6m | eta   8.2m
[s0/4] [ 337/490]  64704/94050 ( 68.8%) |   60.7/s | elapsed  17.8m | eta   8.1m
[s1/4] [ 347/490]  66624/94050 ( 70.8%) |   61.6/s | elapsed  18.0m | eta   7.4m
[s3/4] [ 335/490]  64320/94050 ( 68.4%) |   60.0/s | elapsed  17.9m | eta   8.3m
[s1/4] [ 349/490]  67008/94050 ( 71.2%) |   61.7/s | elapsed  18.1m | eta   7.3m
[s3/4] [ 337/490]  64704/94050 ( 68.8%) |   60.0/s | elapsed  18.0m | eta   8.1m
[s2/4] [ 347/490]  66624/94050 ( 70.8%) |   60.6/s | elapsed  18.3m | eta   7.5m
[s2/4] [ 349/490]  67008/94050 ( 71.2%) |   60.6/s | elapsed  18.4m | eta   7.4m
[s0/4] [ 346/490]  66432/94050 ( 70.6%) |   60.5/s | elapsed  18.3m | eta   7.6m
[s1/4] [ 360/490]  69120/94050 ( 73.5%) |   61.8/s | elapsed  18.6m | eta   6.7m
[s1/4] [ 361/490]  69312/94050 ( 73.7%) |   61.8/s | elapsed  18.7m | eta   6.7m
[s3/4] [ 347/490]  66624/94050 ( 70.8%) |   60.1/s | elapsed  18.5m | eta   7.6m
[s0/4] [ 349/490]  67008/94050 ( 71.2%) |   60.4/s | elapsed  18.5m | eta   7.5m
[s3/4] [ 349/490]  67008/94050 ( 71.2%) |   60.1/s | elapsed  18.6m | eta   7.5m
[s2/4] [ 358/490]  68736/94050 ( 73.1%) |   60.4/s | elapsed  19.0m | eta   7.0m
[s2/4] [ 361/490]  69312/94050 ( 73.7%) |   60.4/s | elapsed  19.1m | eta   6.8m
[s1/4] [ 372/490]  71424/94050 ( 75.9%) |   62.0/s | elapsed  19.2m | eta   6.1m
[s0/4] [ 358/490]  68736/94050 ( 73.1%) |   60.3/s | elapsed  19.0m | eta   7.0m
[s1/4] [ 373/490]  71616/94050 ( 76.1%) |   62.0/s | elapsed  19.3m | eta   6.0m
[s3/4] [ 360/490]  69120/94050 ( 73.5%) |   60.3/s | elapsed  19.1m | eta   6.9m
[s3/4] [ 361/490]  69312/94050 ( 73.7%) |   60.4/s | elapsed  19.1m | eta   6.8m
[s0/4] [ 361/490]  69312/94050 ( 73.7%) |   60.2/s | elapsed  19.2m | eta   6.8m
[s2/4] [ 370/490]  71040/94050 ( 75.5%) |   60.2/s | elapsed  19.7m | eta   6.4m
[s1/4] [ 384/490]  73728/94050 ( 78.4%) |   62.0/s | elapsed  19.8m | eta   5.5m
[s1/4] [ 385/490]  73920/94050 ( 78.6%) |   62.0/s | elapsed  19.9m | eta   5.4m
[s2/4] [ 373/490]  71616/94050 ( 76.1%) |   60.1/s | elapsed  19.9m | eta   6.2m
[s3/4] [ 372/490]  71424/94050 ( 75.9%) |   60.5/s | elapsed  19.7m | eta   6.2m
[s0/4] [ 370/490]  71040/94050 ( 75.5%) |   60.1/s | elapsed  19.7m | eta   6.4m
[s3/4] [ 373/490]  71616/94050 ( 76.1%) |   60.6/s | elapsed  19.7m | eta   6.2m
[s0/4] [ 373/490]  71616/94050 ( 76.1%) |   60.1/s | elapsed  19.9m | eta   6.2m
[s1/4] [ 396/490]  76032/94050 ( 80.8%) |   62.2/s | elapsed  20.4m | eta   4.8m
[s2/4] [ 382/490]  73344/94050 ( 78.0%) |   59.9/s | elapsed  20.4m | eta   5.8m
[s1/4] [ 397/490]  76224/94050 ( 81.0%) |   62.2/s | elapsed  20.4m | eta   4.8m
[s3/4] [ 384/490]  73728/94050 ( 78.4%) |   60.7/s | elapsed  20.2m | eta   5.6m
[s3/4] [ 385/490]  73920/94050 ( 78.6%) |   60.8/s | elapsed  20.3m | eta   5.5m
[s2/4] [ 385/490]  73920/94050 ( 78.6%) |   59.8/s | elapsed  20.6m | eta   5.6m
[s0/4] [ 382/490]  73344/94050 ( 78.0%) |   59.9/s | elapsed  20.4m | eta   5.8m
[s0/4] [ 385/490]  73920/94050 ( 78.6%) |   59.8/s | elapsed  20.6m | eta   5.6m
[s1/4] [ 408/490]  78336/94050 ( 83.3%) |   62.3/s | elapsed  21.0m | eta   4.2m
[s1/4] [ 409/490]  78528/94050 ( 83.5%) |   62.3/s | elapsed  21.0m | eta   4.2m
[s3/4] [ 396/490]  76032/94050 ( 80.8%) |   61.0/s | elapsed  20.8m | eta   4.9m
[s3/4] [ 397/490]  76224/94050 ( 81.0%) |   61.0/s | elapsed  20.8m | eta   4.9m
[s2/4] [ 394/490]  75648/94050 ( 80.4%) |   59.8/s | elapsed  21.1m | eta   5.1m
[s2/4] [ 397/490]  76224/94050 ( 81.0%) |   59.7/s | elapsed  21.3m | eta   5.0m
[s0/4] [ 394/490]  75648/94050 ( 80.4%) |   59.8/s | elapsed  21.1m | eta   5.1m
[s0/4] [ 397/490]  76224/94050 ( 81.0%) |   59.7/s | elapsed  21.3m | eta   5.0m
[s1/4] [ 420/490]  80640/94050 ( 85.7%) |   62.4/s | elapsed  21.5m | eta   3.6m
[s3/4] [ 408/490]  78336/94050 ( 83.3%) |   61.1/s | elapsed  21.4m | eta   4.3m
[s1/4] [ 421/490]  80832/94050 ( 85.9%) |   62.4/s | elapsed  21.6m | eta   3.5m
[s3/4] [ 409/490]  78528/94050 ( 83.5%) |   61.1/s | elapsed  21.4m | eta   4.2m
[s2/4] [ 407/490]  78144/94050 ( 83.1%) |   59.7/s | elapsed  21.8m | eta   4.4m
[s2/4] [ 409/490]  78528/94050 ( 83.5%) |   59.7/s | elapsed  21.9m | eta   4.3m
[s0/4] [ 406/490]  77952/94050 ( 82.9%) |   59.5/s | elapsed  21.8m | eta   4.5m
[s1/4] [ 432/490]  82944/94050 ( 88.2%) |   62.5/s | elapsed  22.1m | eta   3.0m
[s3/4] [ 420/490]  80640/94050 ( 85.7%) |   61.3/s | elapsed  21.9m | eta   3.6m
[s1/4] [ 433/490]  83136/94050 ( 88.4%) |   62.5/s | elapsed  22.2m | eta   2.9m
[s3/4] [ 421/490]  80832/94050 ( 85.9%) |   61.3/s | elapsed  22.0m | eta   3.6m
[s0/4] [ 409/490]  78528/94050 ( 83.5%) |   59.5/s | elapsed  22.0m | eta   4.3m
[s2/4] [ 419/490]  80448/94050 ( 85.5%) |   59.6/s | elapsed  22.5m | eta   3.8m
[s2/4] [ 421/490]  80832/94050 ( 85.9%) |   59.6/s | elapsed  22.6m | eta   3.7m
[s1/4] [ 444/490]  85248/94050 ( 90.6%) |   62.6/s | elapsed  22.7m | eta   2.3m
[s3/4] [ 431/490]  82752/94050 ( 88.0%) |   61.3/s | elapsed  22.5m | eta   3.1m
[s1/4] [ 445/490]  85440/94050 ( 90.8%) |   62.6/s | elapsed  22.7m | eta   2.3m
[s0/4] [ 418/490]  80256/94050 ( 85.3%) |   59.4/s | elapsed  22.5m | eta   3.9m
[s3/4] [ 433/490]  83136/94050 ( 88.4%) |   61.3/s | elapsed  22.6m | eta   3.0m
[s0/4] [ 421/490]  80832/94050 ( 85.9%) |   59.4/s | elapsed  22.7m | eta   3.7m
[s2/4] [ 430/490]  82560/94050 ( 87.8%) |   59.5/s | elapsed  23.1m | eta   3.2m
[s1/4] [ 456/490]  87552/94050 ( 93.1%) |   62.7/s | elapsed  23.3m | eta   1.7m
[s2/4] [ 433/490]  83136/94050 ( 88.4%) |   59.5/s | elapsed  23.3m | eta   3.1m
[s1/4] [ 457/490]  87744/94050 ( 93.3%) |   62.7/s | elapsed  23.3m | eta   1.7m
[s3/4] [ 443/490]  85056/94050 ( 90.4%) |   61.2/s | elapsed  23.2m | eta   2.4m
[s0/4] [ 431/490]  82752/94050 ( 88.0%) |   59.3/s | elapsed  23.3m | eta   3.2m
[s3/4] [ 445/490]  85440/94050 ( 90.8%) |   61.2/s | elapsed  23.3m | eta   2.3m
[s0/4] [ 433/490]  83136/94050 ( 88.4%) |   59.2/s | elapsed  23.4m | eta   3.1m
[s1/4] [ 468/490]  89856/94050 ( 95.5%) |   62.8/s | elapsed  23.8m | eta   1.1m
[s2/4] [ 443/490]  85056/94050 ( 90.4%) |   59.5/s | elapsed  23.8m | eta   2.5m
[s1/4] [ 469/490]  90048/94050 ( 95.7%) |   62.8/s | elapsed  23.9m | eta   1.1m
[s2/4] [ 445/490]  85440/94050 ( 90.8%) |   59.4/s | elapsed  24.0m | eta   2.4m
[s3/4] [ 455/490]  87360/94050 ( 92.9%) |   61.1/s | elapsed  23.8m | eta   1.8m
[s3/4] [ 457/490]  87744/94050 ( 93.3%) |   61.1/s | elapsed  23.9m | eta   1.7m
[s0/4] [ 443/490]  85056/94050 ( 90.4%) |   59.2/s | elapsed  24.0m | eta   2.5m
[s0/4] [ 445/490]  85440/94050 ( 90.8%) |   59.1/s | elapsed  24.1m | eta   2.4m
[s1/4] [ 480/490]  92160/94050 ( 98.0%) |   62.9/s | elapsed  24.4m | eta   0.5m
[s1/4] [ 481/490]  92352/94050 ( 98.2%) |   62.9/s | elapsed  24.5m | eta   0.4m
[s2/4] [ 454/490]  87168/94050 ( 92.7%) |   59.3/s | elapsed  24.5m | eta   1.9m
[s2/4] [ 457/490]  87744/94050 ( 93.3%) |   59.3/s | elapsed  24.7m | eta   1.8m
[s3/4] [ 467/490]  89664/94050 ( 95.3%) |   61.1/s | elapsed  24.5m | eta   1.2m
[s3/4] [ 469/490]  90048/94050 ( 95.7%) |   61.1/s | elapsed  24.6m | eta   1.1m
[s0/4] [ 454/490]  87168/94050 ( 92.7%) |   59.1/s | elapsed  24.6m | eta   1.9m
[s1/4] [ 490/490]  94050/94050 (100.0%) |   62.9/s | elapsed  24.9m | eta   0.0m
[s1/4] DONE in 24.9m  throughput=62.9 chunks/s
[s0/4] [ 457/490]  87744/94050 ( 93.3%) |   59.0/s | elapsed  24.8m | eta   1.8m
[s1/4] wrote /data/vectors_bgem3_shard1.npy (0.39 GB)
[s2/4] [ 466/490]  89472/94050 ( 95.1%) |   59.2/s | elapsed  25.2m | eta   1.3m
[s3/4] [ 479/490]  91968/94050 ( 97.8%) |   61.0/s | elapsed  25.1m | eta   0.6m
[s2/4] [ 469/490]  90048/94050 ( 95.7%) |   59.2/s | elapsed  25.4m | eta   1.1m
[s3/4] [ 481/490]  92352/94050 ( 98.2%) |   61.0/s | elapsed  25.2m | eta   0.5m
[s0/4] [ 466/490]  89472/94050 ( 95.1%) |   59.0/s | elapsed  25.3m | eta   1.3m
[s0/4] [ 469/490]  90048/94050 ( 95.7%) |   59.0/s | elapsed  25.5m | eta   1.1m
[s2/4] [ 478/490]  91776/94050 ( 97.6%) |   59.1/s | elapsed  25.9m | eta   0.6m
[s3/4] [ 490/490]  94050/94050 (100.0%) |   61.0/s | elapsed  25.7m | eta   0.0m
[s3/4] DONE in 25.7m  throughput=61.0 chunks/s
[s3/4] wrote /data/vectors_bgem3_shard3.npy (0.39 GB)
[s2/4] [ 481/490]  92352/94050 ( 98.2%) |   59.1/s | elapsed  26.0m | eta   0.5m
[s0/4] [ 478/490]  91776/94050 ( 97.6%) |   58.9/s | elapsed  26.0m | eta   0.6m
[s0/4] [ 481/490]  92352/94050 ( 98.2%) |   58.9/s | elapsed  26.1m | eta   0.5m
[s2/4] [ 490/490]  94050/94050 (100.0%) |   59.0/s | elapsed  26.6m | eta   0.0m
[s2/4] DONE in 26.6m  throughput=59.0 chunks/s
[s2/4] wrote /data/vectors_bgem3_shard2.npy (0.39 GB)
[s0/4] [ 490/490]  94050/94050 (100.0%) |   58.8/s | elapsed  26.7m | eta   0.0m
[s0/4] DONE in 26.7m  throughput=58.8 chunks/s
[s0/4] wrote /data/vectors_bgem3_shard0.npy (0.39 GB)
[local] all shards done in 27.4m: 376200 chunks total
[local] merging shards on Modal...
[merge] shard 0: (94050, 1024)
[merge] shard 1: (94050, 1024)
[merge] shard 2: (94050, 1024)
[merge] shard 3: (94050, 1024)
[merge] full shape: (376200, 1024)
[local] merged: {'n': 376200, 'dim': 1024}
[local] downloading artifacts...
[local] wrote data/vectors_bgem3.npy (1.54 GB)
[local] wrote data/id_map_bgem3.json (38.6 MB)
Stopping app - local entrypoint completed.
✓ App completed. View run at 
https://modal.com/apps/ayaanjamil/main/ap-Z1JeNn9GB57yoOFZqyKiOY
